生成日期：20250614115055(当前工程Id:0005, 用户：pyf)
针对表:00050573(ViewRegionRela)
针对表:00050453(ViewFeatureFlds)
针对表:00050607(PrjTabRelationType)
针对表:00050192(UseState)
针对表:00050303(ProgLangType)
针对表:00050002(Projects)
针对表:00050058(CtlType)
针对表:00050313(FunctionTemplateRela)
针对表:00050386(Function4Code)
针对表:00050384(FuncPara4Code)
针对表:00050498(FuncParaRela)
针对表:00050426(FeatureButtonRela)
针对表:00050560(GCVariableType)
针对表:00050203(CodeType)
针对表:00050563(GCContainerType)
针对表:00050127(ApplicationType)
针对表:00050562(GCKeyIdGetMode)
针对表:00050418(AppCodeTypeRela)
针对表:00050615(css_FldDispUnitStyle)
针对表:00050468(css_Style)
针对表:00050591(DnPath)
针对表:00050512(CMProject)
针对表:00050547(DataNode)
针对表:00050549(DnFuncMap)
针对表:00050552(DnFunction)
针对表:00050600(CMProjectAppRela)
针对表:00050548(DataNodeType)
共计生成文件数:0(共计表:27).
